<?xml version="1.0" encoding="utf-8"?><testsuites name="pytest tests"><testsuite name="pytest" errors="0" failures="0" skipped="0" tests="20" time="6.910" timestamp="2026-09-15T15:38:55.088318+08:00" hostname="LAPTOP-76U2U90J"><testcase classname="tests.test_workflow" name="test_analysis_persistence_and_idempotency" time="0.368" /><testcase classname="tests.test_workflow" name="test_confirmation_creates_real_incidents_once" time="0.341" /><testcase classname="tests.test_workflow" name="test_modify_preserves_original_ai_finding" time="0.297" /><testcase classname="tests.test_workflow" name="test_rejection_does_not_create_incidents" time="0.299" /><testcase classname="tests.test_workflow" name="test_incident_cannot_close_without_workflow" time="0.368" /><testcase classname="tests.test_workflow" name="test_human_close_after_reinspection_and_audit" time="0.524" /><testcase classname="tests.test_workflow" name="test_human_can_override_eligible_reinspection" time="0.558" /><testcase classname="tests.test_workflow" name="test_low_confidence_does_not_discount_risk" time="0.001" /><testcase classname="tests.test_workflow" name="test_provider_failure_is_persisted_without_partial_hazards" time="0.309" /><testcase classname="tests.test_workflow" name="test_business_risk_overrides_provider_score" time="0.275" /><testcase classname="tests.test_analysis_recovery" name="test_failure_then_retry_records_audit" time="0.314" /><testcase classname="tests.test_analysis_recovery" name="test_stale_attempt_retries_without_losing_metadata[False]" time="0.320" /><testcase classname="tests.test_analysis_recovery" name="test_stale_attempt_retries_without_losing_metadata[True]" time="0.319" /><testcase classname="tests.test_analysis_recovery" name="test_fresh_attempt_not_stolen" time="0.265" /><testcase classname="tests.test_analysis_recovery" name="test_expired_response_cannot_overwrite_new_attempt[False]" time="0.320" /><testcase classname="tests.test_analysis_recovery" name="test_start_timestamp_persisted_before_inference" time="0.286" /><testcase classname="tests.test_knowledge" name="test_retrieval_error_does_not_break_safety_workflow" time="0.305" /><testcase classname="tests.test_knowledge" name="test_real_workflow_retrieval_risk_and_human_controls" time="0.344" /><testcase classname="tests.test_real_provider" name="test_real_reinspection_never_closes_case" time="0.465" /><testcase classname="tests.test_real_provider" name="test_zero_hazards_valid_no_incident_confirmation" time="0.307" /></testsuite></testsuites>